model/bookcase/IKEA_LAIVA/model.obj
model/bookcase/IKEA_EXPEDIT_1/model.obj
model/bookcase/IKEA_EXPEDIT_2/model.obj
model/bookcase/IKEA_EXPEDIT_3/model.obj
model/bookcase/IKEA_BILLY_1/model.obj
model/bookcase/IKEA_BILLY_2/model.obj
model/bookcase/IKEA_LACK_1/model.obj
model/bookcase/IKEA_HEMNES/model.obj
model/bookcase/IKEA_BILLY_1/model.obj
model/bookcase/IKEA_EXPEDIT_2/model.obj
model/bookcase/IKEA_EXPEDIT_3/model.obj
model/bookcase/IKEA_EXPEDIT_1/model.obj
model/bookcase/IKEA_HEMNES/model.obj
model/bookcase/IKEA_EXPEDIT_3/model.obj
model/bookcase/IKEA_EXPEDIT_3/model.obj
model/bookcase/IKEA_HEMNES/model.obj
model/bookcase/IKEA_EXPEDIT_2/model.obj
model/bookcase/IKEA_EXPEDIT_1/model.obj
model/bookcase/IKEA_KILBY_2/model.obj
model/bookcase/IKEA_LACK_1/model.obj
model/bookcase/IKEA_EXPEDIT_3/model.obj
model/bookcase/IKEA_LACK_3/model.obj
model/bookcase/IKEA_BILLY_2/model.obj
model/bookcase/IKEA_HEMNES/model.obj
model/bookcase/IKEA_LACK_2/model.obj
model/bookcase/IKEA_LAIVA/model.obj
model/bookcase/IKEA_EXPEDIT_3/model.obj
model/bookcase/IKEA_EXPEDIT_3/model.obj
model/bookcase/IKEA_LACK_3/model.obj
model/bookcase/IKEA_LAIVA/model.obj
model/bookcase/IKEA_LACK_3/model.obj
model/bookcase/IKEA_BILLY_1/model.obj
model/bookcase/IKEA_EXPEDIT_3/model.obj
model/bookcase/IKEA_EXPEDIT_3/model.obj
model/bookcase/IKEA_BILLY_3/model.obj
model/bookcase/IKEA_EXPEDIT_1/model.obj
model/bookcase/IKEA_LACK_3/model.obj
model/bookcase/IKEA_KILBY_1/model.obj
model/bookcase/IKEA_EXPEDIT_2/model.obj
model/bookcase/IKEA_EXPEDIT_3/model.obj
model/bookcase/IKEA_LAIVA/model.obj
model/bookcase/IKEA_BILLY_2/model.obj
model/bookcase/IKEA_LAIVA/model.obj
model/bookcase/IKEA_EXPEDIT_1/model.obj
model/bookcase/IKEA_LACK_3/model.obj
model/bookcase/IKEA_HEMNES/model.obj
model/bookcase/IKEA_EXPEDIT_1/model.obj
model/bookcase/IKEA_BILLY_2/model.obj
model/bookcase/IKEA_BILLY_1/model.obj
model/bookcase/IKEA_EXPEDIT_3/model.obj
model/bookcase/IKEA_EXPEDIT_3/model.obj
model/bookcase/IKEA_BILLY_3/model.obj
model/bookcase/IKEA_EXPEDIT_1/model.obj
model/bookcase/IKEA_LAIVA/model.obj
model/bookcase/IKEA_EXPEDIT_3/model.obj
model/bookcase/IKEA_EXPEDIT_1/model.obj
model/bookcase/IKEA_HEMNES/model.obj
model/bookcase/IKEA_EXPEDIT_1/model.obj
model/bookcase/IKEA_LAIVA/model.obj
model/bookcase/IKEA_HEMNES/model.obj
model/bookcase/IKEA_EXPEDIT_2/model.obj
model/bookcase/IKEA_LACK_3/model.obj
model/bookcase/IKEA_EXPEDIT_1/model.obj
model/bookcase/IKEA_BILLY_1/model.obj
model/bookcase/IKEA_HEMNES/model.obj
model/bookcase/IKEA_LACK_2/model.obj
model/bookcase/IKEA_LACK_2/model.obj
model/bookcase/IKEA_HEMNES/model.obj
model/bookcase/IKEA_LACK_3/model.obj
model/bookcase/IKEA_BILLY_2/model.obj
model/bookcase/IKEA_BILLY_1/model.obj
model/bookcase/IKEA_LACK_3/model.obj
model/bookcase/IKEA_HEMNES/model.obj
model/bookcase/IKEA_HEMNES/model.obj
model/bookcase/IKEA_LACK_3/model.obj
model/bookcase/IKEA_HEMNES/model.obj
model/bookcase/IKEA_EXPEDIT_3/model.obj
model/bookcase/IKEA_BILLY_2/model.obj
model/bookcase/IKEA_EXPEDIT_2/model.obj
model/bookcase/IKEA_HEMNES/model.obj
model/bookcase/IKEA_HEMNES/model.obj
model/bookcase/IKEA_LACK_1/model.obj
model/bookcase/IKEA_EXPEDIT_1/model.obj
model/bookcase/IKEA_EXPEDIT_2/model.obj
model/bookcase/IKEA_HEMNES/model.obj
model/bookcase/IKEA_EXPEDIT_2/model.obj
model/bookcase/IKEA_HEMNES/model.obj
model/bookcase/IKEA_EXPEDIT_1/model.obj
model/bookcase/IKEA_EXPEDIT_1/model.obj
model/bookcase/IKEA_HEMNES/model.obj
model/bookcase/IKEA_HEMNES/model.obj
model/bookcase/IKEA_LACK_3/model.obj
model/bookcase/IKEA_EXPEDIT_3/model.obj
model/bookcase/IKEA_LACK_2/model.obj
model/bookcase/IKEA_EXPEDIT_2/model.obj
model/bookcase/IKEA_BILLY_1/model.obj
model/bookcase/IKEA_BILLY_6/model.obj
model/bookcase/IKEA_EXPEDIT_3/model.obj
model/bookcase/IKEA_HEMNES/model.obj
model/bookcase/IKEA_BILLY_2/model.obj
model/bookcase/IKEA_LACK_3/model.obj
model/bookcase/IKEA_EXPEDIT_3/model.obj
model/bookcase/IKEA_HEMNES/model.obj
model/bookcase/IKEA_EXPEDIT_2/model.obj
model/bookcase/IKEA_LACK_1/model.obj
model/bookcase/IKEA_BILLY_2/model.obj
model/bookcase/IKEA_BILLY_1/model.obj
model/bookcase/IKEA_HEMNES/model.obj
model/bookcase/IKEA_HEMNES/model.obj
model/bookcase/IKEA_HEMNES/model.obj
model/bookcase/IKEA_EXPEDIT_2/model.obj
model/bookcase/IKEA_BILLY_2/model.obj
model/bookcase/IKEA_LACK_1/model.obj
model/bookcase/IKEA_LAIVA/model.obj
model/bookcase/IKEA_HEMNES/model.obj
model/bookcase/IKEA_BILLY_2/model.obj
model/bookcase/IKEA_EXPEDIT_3/model.obj
model/bookcase/IKEA_BILLY_1/model.obj
model/bookcase/IKEA_BILLY_1/model.obj
model/bookcase/IKEA_EXPEDIT_1/model.obj
model/bookcase/IKEA_LACK_3/model.obj
model/bookcase/IKEA_HEMNES/model.obj
model/bookcase/IKEA_BILLY_1/model.obj
model/bookcase/IKEA_EXPEDIT_1/model.obj
model/bookcase/IKEA_LACK_3/model.obj
model/bookcase/IKEA_EXPEDIT_3/model.obj
model/bookcase/IKEA_EXPEDIT_1/model.obj
model/bookcase/IKEA_EXPEDIT_2/model.obj
model/bookcase/IKEA_BILLY_2/model.obj
model/bookcase/IKEA_BILLY_1/model.obj
model/bookcase/IKEA_EXPEDIT_3/model.obj
model/bookcase/IKEA_HEMNES/model.obj
model/bookcase/IKEA_HEMNES/model.obj
model/bookcase/IKEA_LACK_2/model.obj
model/bookcase/IKEA_LACK_1/model.obj
model/bookcase/IKEA_LACK_3/model.obj
model/bookcase/IKEA_LACK_3/model.obj
model/bookcase/IKEA_LACK_3/model.obj
model/bookcase/IKEA_LAIVA/model.obj
model/bookcase/IKEA_LACK_1/model.obj
model/bookcase/IKEA_HEMNES/model.obj
model/bookcase/IKEA_HEMNES/model.obj
model/bookcase/IKEA_EXPEDIT_2/model.obj
model/bookcase/IKEA_BILLY_2/model.obj
model/bookcase/IKEA_LAIVA/model.obj
model/bookcase/IKEA_BILLY_3/model.obj
model/bookcase/IKEA_EXPEDIT_1/model.obj
model/bookcase/IKEA_EXPEDIT_2/model.obj
model/bookcase/IKEA_BILLY_4/model.obj
model/bookcase/IKEA_EXPEDIT_3/model.obj
model/bookcase/IKEA_LACK_2/model.obj
model/bookcase/IKEA_HEMNES/model.obj
model/bookcase/IKEA_EXPEDIT_3/model.obj
model/bookcase/IKEA_BILLY_2/model.obj
model/bookcase/IKEA_EXPEDIT_3/model.obj
model/bookcase/IKEA_EXPEDIT_1/model.obj
model/bookcase/IKEA_BILLY_2/model.obj
model/bookcase/IKEA_LACK_2/model.obj
model/bookcase/IKEA_LAIVA/model.obj
model/bookcase/IKEA_LACK_1/model.obj
model/bookcase/IKEA_LACK_3/model.obj
model/bookcase/IKEA_EXPEDIT_1/model.obj
model/bookcase/IKEA_EXPEDIT_3/model.obj
model/bookcase/IKEA_BILLY_1/model.obj
model/bookcase/IKEA_EXPEDIT_3/model.obj
model/bookcase/IKEA_EXPEDIT_3/model.obj
model/bookcase/IKEA_BILLY_6/model.obj
model/bookcase/IKEA_LACK_3/model.obj
model/bookcase/IKEA_LACK_3/model.obj
model/bookcase/IKEA_HEMNES/model.obj
model/bookcase/IKEA_LACK_1/model.obj
model/bookcase/IKEA_EXPEDIT_3/model.obj
model/bookcase/IKEA_LACK_2/model.obj
model/bookcase/IKEA_LACK_3/model.obj
model/bookcase/IKEA_EXPEDIT_1/model.obj
model/bookcase/IKEA_EXPEDIT_3/model.obj
model/bookcase/IKEA_BILLY_3/model.obj
model/bookcase/IKEA_HEMNES/model.obj
model/bookcase/IKEA_BILLY_1/model.obj
model/bookcase/IKEA_EXPEDIT_1/model.obj
model/bookcase/IKEA_EXPEDIT_1/model.obj
model/bookcase/IKEA_LACK_1/model.obj
model/bookcase/IKEA_LACK_2/model.obj
model/bookcase/IKEA_EXPEDIT_3/model.obj
model/bookcase/IKEA_LAIVA/model.obj
model/bookcase/IKEA_HEMNES/model.obj
model/bookcase/IKEA_EXPEDIT_1/model.obj
model/bookcase/IKEA_BILLY_2/model.obj
model/bookcase/IKEA_HEMNES/model.obj
model/bookcase/IKEA_LACK_3/model.obj
model/bookcase/IKEA_BILLY_1/model.obj
model/bookcase/IKEA_LACK_3/model.obj
model/bookcase/IKEA_BILLY_1/model.obj
model/bookcase/IKEA_BILLY_1/model.obj
model/bookcase/IKEA_BILLY_1/model.obj
model/bookcase/IKEA_HEMNES/model.obj
model/bookcase/IKEA_BILLY_2/model.obj
model/bookcase/IKEA_HEMNES/model.obj
model/bookcase/IKEA_BILLY_3/model.obj
model/bookcase/IKEA_EXPEDIT_1/model.obj
model/bookcase/IKEA_LACK_3/model.obj
model/bookcase/IKEA_BILLY_2/model.obj
model/bookcase/IKEA_LACK_3/model.obj
model/bookcase/IKEA_HEMNES/model.obj
model/bookcase/IKEA_BILLY_2/model.obj
model/bookcase/IKEA_LAIVA/model.obj
model/bookcase/IKEA_EXPEDIT_2/model.obj
model/bookcase/IKEA_EXPEDIT_3/model.obj
model/bookcase/IKEA_LACK_1/model.obj
model/bookcase/IKEA_EXPEDIT_3/model.obj
model/bookcase/IKEA_BILLY_1/model.obj
model/bookcase/IKEA_LACK_2/model.obj
model/bookcase/IKEA_HEMNES/model.obj
model/bookcase/IKEA_EXPEDIT_1/model.obj
model/bookcase/IKEA_HEMNES/model.obj
model/bookcase/IKEA_BILLY_1/model.obj
model/bookcase/IKEA_BILLY_1/model.obj
model/bookcase/IKEA_EXPEDIT_3/model.obj
model/bookcase/IKEA_EXPEDIT_3/model.obj
model/bookcase/IKEA_EXPEDIT_3/model.obj
model/bookcase/IKEA_HEMNES/model.obj
model/bookcase/IKEA_EXPEDIT_1/model.obj
model/bookcase/IKEA_HEMNES/model.obj
model/bookcase/IKEA_EXPEDIT_1/model.obj
model/bookcase/IKEA_HEMNES/model.obj
model/bookcase/IKEA_EXPEDIT_1/model.obj
model/bookcase/IKEA_BILLY_1/model.obj
model/bookcase/IKEA_BILLY_4/model.obj
model/bookcase/IKEA_BILLY_1/model.obj
model/bookcase/IKEA_LAIVA/model.obj
model/bookcase/IKEA_LACK_1/model.obj
model/bookcase/IKEA_BILLY_2/model.obj
model/bookcase/IKEA_KILBY_2/model.obj
model/bookcase/IKEA_LAIVA/model.obj
model/bookcase/IKEA_LAIVA/model.obj
model/bookcase/IKEA_EXPEDIT_1/model.obj
model/bookcase/IKEA_BILLY_1/model.obj
model/bookcase/IKEA_EXPEDIT_3/model.obj
model/bookcase/IKEA_BILLY_6/model.obj
model/bookcase/IKEA_EXPEDIT_3/model.obj
model/bookcase/IKEA_LACK_2/model.obj
model/bookcase/IKEA_LACK_3/model.obj
model/bookcase/IKEA_BILLY_2/model.obj
model/bookcase/IKEA_HEMNES/model.obj
model/bookcase/IKEA_BILLY_3/model.obj
model/bookcase/IKEA_BILLY_4/model.obj
model/bookcase/IKEA_EXPEDIT_3/model.obj
model/bookcase/IKEA_BILLY_4/model.obj
model/bookcase/IKEA_HEMNES/model.obj
model/bookcase/IKEA_BILLY_1/model.obj
model/bookcase/IKEA_EXPEDIT_1/model.obj
model/bookcase/IKEA_EXPEDIT_3/model.obj
model/bookcase/IKEA_LACK_1/model.obj
model/bookcase/IKEA_KILBY_2/model.obj
model/bookcase/IKEA_EXPEDIT_1/model.obj
model/bookcase/IKEA_LACK_3/model.obj
model/bookcase/IKEA_BILLY_1/model.obj
model/bookcase/IKEA_BILLY_1/model.obj
model/bookcase/IKEA_BILLY_2/model.obj
model/bookcase/IKEA_EXPEDIT_1/model.obj
model/bookcase/IKEA_EXPEDIT_3/model.obj
model/bookcase/IKEA_BILLY_1/model.obj
model/bookcase/IKEA_LAIVA/model.obj
model/bookcase/IKEA_EXPEDIT_1/model.obj
model/bookcase/IKEA_HEMNES/model.obj
model/bookcase/IKEA_EXPEDIT_1/model.obj
model/bookcase/IKEA_BILLY_2/model.obj
model/bookcase/IKEA_LAIVA/model.obj
model/bookcase/IKEA_BILLY_1/model.obj
model/bookcase/IKEA_BILLY_4/model.obj
model/bookcase/IKEA_BILLY_6/model.obj
model/bookcase/IKEA_EXPEDIT_3/model.obj
model/bookcase/IKEA_EXPEDIT_1/model.obj
model/bookcase/IKEA_LACK_2/model.obj
model/bookcase/IKEA_HEMNES/model.obj
model/bookcase/IKEA_EXPEDIT_2/model.obj
model/bookcase/IKEA_LACK_3/model.obj
model/bookcase/IKEA_LACK_3/model.obj
model/bookcase/IKEA_LACK_2/model.obj
model/bookcase/IKEA_LAIVA/model.obj
model/bookcase/IKEA_EXPEDIT_1/model.obj
model/bookcase/IKEA_LACK_2/model.obj
model/bookcase/IKEA_KILBY_2/model.obj
model/bookcase/IKEA_EXPEDIT_1/model.obj
model/bookcase/IKEA_EXPEDIT_1/model.obj
model/bookcase/IKEA_EXPEDIT_3/model.obj
model/bookcase/IKEA_LACK_3/model.obj
model/bookcase/IKEA_LACK_3/model.obj
