model/wardrobe/IKEA_ANEBODA_1/model.obj
model/wardrobe/IKEA_ANEBODA_2/model.obj
model/wardrobe/IKEA_ANEBODA_1/model.obj
model/wardrobe/IKEA_DOMBAS/model.obj
model/wardrobe/IKEA_DOMBAS/model.obj
model/wardrobe/IKEA_ANEBODA_1/model.obj
model/wardrobe/IKEA_ANEBODA_1/model.obj
model/wardrobe/IKEA_DOMBAS/model.obj
model/wardrobe/IKEA_ANEBODA_2/model.obj
model/wardrobe/IKEA_ANEBODA_1/model.obj
model/wardrobe/IKEA_HEMNES/model.obj
model/wardrobe/IKEA_DOMBAS/model.obj
model/wardrobe/IKEA_HEMNES/model.obj
model/wardrobe/IKEA_ANEBODA_1/model.obj
model/wardrobe/IKEA_DOMBAS/model.obj
model/wardrobe/IKEA_ANEBODA_1/model.obj
model/wardrobe/IKEA_ANEBODA_1/model.obj
model/wardrobe/IKEA_ANEBODA_1/model.obj
model/wardrobe/IKEA_DOMBAS/model.obj
model/wardrobe/IKEA_HEMNES/model.obj
model/wardrobe/IKEA_ANEBODA_1/model.obj
model/wardrobe/IKEA_HEMNES/model.obj
model/wardrobe/IKEA_ANEBODA_1/model.obj
model/wardrobe/IKEA_DOMBAS/model.obj
model/wardrobe/IKEA_DOMBAS/model.obj
model/wardrobe/IKEA_ANEBODA_1/model.obj
model/wardrobe/IKEA_DOMBAS/model.obj
model/wardrobe/IKEA_HEMNES/model.obj
model/wardrobe/IKEA_ANEBODA_1/model.obj
model/wardrobe/IKEA_ANEBODA_1/model.obj
model/wardrobe/IKEA_DOMBAS/model.obj
model/wardrobe/IKEA_ANEBODA_1/model.obj
model/wardrobe/IKEA_DOMBAS/model.obj
model/wardrobe/IKEA_ANEBODA_1/model.obj
model/wardrobe/IKEA_ANEBODA_1/model.obj
model/wardrobe/IKEA_HEMNES/model.obj
model/wardrobe/IKEA_ANEBODA_1/model.obj
model/wardrobe/IKEA_ANEBODA_1/model.obj
model/wardrobe/IKEA_DOMBAS/model.obj
model/wardrobe/IKEA_ANEBODA_1/model.obj
model/wardrobe/IKEA_ANEBODA_1/model.obj
model/wardrobe/IKEA_HEMNES/model.obj
model/wardrobe/IKEA_DOMBAS/model.obj
model/wardrobe/IKEA_ANEBODA_1/model.obj
model/wardrobe/IKEA_HEMNES/model.obj
model/wardrobe/IKEA_ANEBODA_1/model.obj
model/wardrobe/IKEA_DOMBAS/model.obj
model/wardrobe/IKEA_PAX_1/model.obj
model/wardrobe/IKEA_ANEBODA_1/model.obj
model/wardrobe/IKEA_DOMBAS/model.obj
model/wardrobe/IKEA_ANEBODA_1/model.obj
model/wardrobe/IKEA_DOMBAS/model.obj
model/wardrobe/IKEA_HEMNES/model.obj
model/wardrobe/IKEA_ANEBODA_2/model.obj
model/wardrobe/IKEA_HEMNES/model.obj
model/wardrobe/IKEA_DOMBAS/model.obj
model/wardrobe/IKEA_ANEBODA_1/model.obj
model/wardrobe/IKEA_DOMBAS/model.obj
model/wardrobe/IKEA_ANEBODA_1/model.obj
model/wardrobe/IKEA_HEMNES/model.obj
model/wardrobe/IKEA_DOMBAS/model.obj
model/wardrobe/IKEA_DOMBAS/model.obj
model/wardrobe/IKEA_DOMBAS/model.obj
model/wardrobe/IKEA_ANEBODA_1/model.obj
model/wardrobe/IKEA_DOMBAS/model.obj
model/wardrobe/IKEA_ANEBODA_1/model.obj
model/wardrobe/IKEA_DOMBAS/model.obj
model/wardrobe/IKEA_DOMBAS/model.obj
model/wardrobe/IKEA_DOMBAS/model.obj
model/wardrobe/IKEA_DOMBAS/model.obj
model/wardrobe/IKEA_DOMBAS/model.obj
model/wardrobe/IKEA_ANEBODA_2/model.obj
model/wardrobe/IKEA_ANEBODA_1/model.obj
model/wardrobe/IKEA_ANEBODA_1/model.obj
model/wardrobe/IKEA_DOMBAS/model.obj
model/wardrobe/IKEA_ANEBODA_1/model.obj
model/wardrobe/IKEA_ANEBODA_1/model.obj
model/wardrobe/IKEA_HEMNES/model.obj
model/wardrobe/IKEA_ANEBODA_1/model.obj
model/wardrobe/IKEA_ANEBODA_1/model.obj
model/wardrobe/IKEA_DOMBAS/model.obj
model/wardrobe/IKEA_ANEBODA_1/model.obj
model/wardrobe/IKEA_ANEBODA_2/model.obj
model/wardrobe/IKEA_ANEBODA_1/model.obj
model/wardrobe/IKEA_DOMBAS/model.obj
model/wardrobe/IKEA_ANEBODA_1/model.obj
model/wardrobe/IKEA_DOMBAS/model.obj
model/wardrobe/IKEA_ANEBODA_1/model.obj
model/wardrobe/IKEA_DOMBAS/model.obj
model/wardrobe/IKEA_ANEBODA_1/model.obj
model/wardrobe/IKEA_DOMBAS/model.obj
model/wardrobe/IKEA_ANEBODA_1/model.obj
model/wardrobe/IKEA_DOMBAS/model.obj
model/wardrobe/IKEA_ANEBODA_1/model.obj
model/wardrobe/IKEA_HEMNES/model.obj
model/wardrobe/IKEA_DOMBAS/model.obj
model/wardrobe/IKEA_ANEBODA_1/model.obj
model/wardrobe/IKEA_ANEBODA_1/model.obj
model/wardrobe/IKEA_ANEBODA_1/model.obj
model/wardrobe/IKEA_ANEBODA_1/model.obj
model/wardrobe/IKEA_ANEBODA_1/model.obj
model/wardrobe/IKEA_ANEBODA_1/model.obj
model/wardrobe/IKEA_DOMBAS/model.obj
model/wardrobe/IKEA_DOMBAS/model.obj
model/wardrobe/IKEA_ANEBODA_1/model.obj
model/wardrobe/IKEA_DOMBAS/model.obj
model/wardrobe/IKEA_DOMBAS/model.obj
model/wardrobe/IKEA_HEMNES/model.obj
model/wardrobe/IKEA_DOMBAS/model.obj
model/wardrobe/IKEA_ANEBODA_1/model.obj
model/wardrobe/IKEA_ANEBODA_1/model.obj
model/wardrobe/IKEA_DOMBAS/model.obj
model/wardrobe/IKEA_ANEBODA_1/model.obj
model/wardrobe/IKEA_ANEBODA_1/model.obj
model/wardrobe/IKEA_DOMBAS/model.obj
model/wardrobe/IKEA_ODDA_2/model.obj
model/wardrobe/IKEA_ANEBODA_1/model.obj
model/wardrobe/IKEA_DOMBAS/model.obj
model/wardrobe/IKEA_DOMBAS/model.obj
model/wardrobe/IKEA_ANEBODA_1/model.obj
model/wardrobe/IKEA_DOMBAS/model.obj
model/wardrobe/IKEA_HEMNES/model.obj
model/wardrobe/IKEA_ANEBODA_1/model.obj
model/wardrobe/IKEA_DOMBAS/model.obj
model/wardrobe/IKEA_DOMBAS/model.obj
model/wardrobe/IKEA_DOMBAS/model.obj
model/wardrobe/IKEA_ANEBODA_2/model.obj
model/wardrobe/IKEA_ANEBODA_1/model.obj
model/wardrobe/IKEA_ANEBODA_1/model.obj
model/wardrobe/IKEA_DOMBAS/model.obj
model/wardrobe/IKEA_ANEBODA_1/model.obj
model/wardrobe/IKEA_DOMBAS/model.obj
model/wardrobe/IKEA_DOMBAS/model.obj
model/wardrobe/IKEA_DOMBAS/model.obj
model/wardrobe/IKEA_ANEBODA_1/model.obj
model/wardrobe/IKEA_ANEBODA_1/model.obj
model/wardrobe/IKEA_ANEBODA_1/model.obj
model/wardrobe/IKEA_HEMNES/model.obj
model/wardrobe/IKEA_ANEBODA_1/model.obj
model/wardrobe/IKEA_HEMNES/model.obj
model/wardrobe/IKEA_PAX_4/model.obj
model/wardrobe/IKEA_DOMBAS/model.obj
model/wardrobe/IKEA_DOMBAS/model.obj
model/wardrobe/IKEA_ANEBODA_1/model.obj
model/wardrobe/IKEA_ANEBODA_1/model.obj
model/wardrobe/IKEA_DOMBAS/model.obj
model/wardrobe/IKEA_HEMNES/model.obj
model/wardrobe/IKEA_ANEBODA_1/model.obj
model/wardrobe/IKEA_ANEBODA_1/model.obj
model/wardrobe/IKEA_HEMNES/model.obj
model/wardrobe/IKEA_ODDA_2/model.obj
model/wardrobe/IKEA_DOMBAS/model.obj
model/wardrobe/IKEA_DOMBAS/model.obj
model/wardrobe/IKEA_ANEBODA_1/model.obj
model/wardrobe/IKEA_ANEBODA_1/model.obj
model/wardrobe/IKEA_HEMNES/model.obj
model/wardrobe/IKEA_DOMBAS/model.obj
model/wardrobe/IKEA_ANEBODA_2/model.obj
model/wardrobe/IKEA_ANEBODA_1/model.obj
model/wardrobe/IKEA_DOMBAS/model.obj
model/wardrobe/IKEA_DOMBAS/model.obj
model/wardrobe/IKEA_ANEBODA_1/model.obj
model/wardrobe/IKEA_DOMBAS/model.obj
model/wardrobe/IKEA_DOMBAS/model.obj
model/wardrobe/IKEA_PAX_3/model.obj
model/wardrobe/IKEA_DOMBAS/model.obj
model/wardrobe/IKEA_DOMBAS/model.obj
model/wardrobe/IKEA_ODDA_2/model.obj
model/wardrobe/IKEA_HEMNES/model.obj
model/wardrobe/IKEA_ODDA_2/model.obj
model/wardrobe/IKEA_DOMBAS/model.obj
model/wardrobe/IKEA_DOMBAS/model.obj
model/wardrobe/IKEA_DOMBAS/model.obj
model/wardrobe/IKEA_ANEBODA_1/model.obj
model/wardrobe/IKEA_HEMNES/model.obj
model/wardrobe/IKEA_DOMBAS/model.obj
model/wardrobe/IKEA_ANEBODA_1/model.obj
model/wardrobe/IKEA_DOMBAS/model.obj
model/wardrobe/IKEA_DOMBAS/model.obj
model/wardrobe/IKEA_DOMBAS/model.obj
model/wardrobe/IKEA_ANEBODA_1/model.obj
model/wardrobe/IKEA_ANEBODA_1/model.obj
model/wardrobe/IKEA_DOMBAS/model.obj
model/wardrobe/IKEA_ANEBODA_1/model.obj
model/wardrobe/IKEA_DOMBAS/model.obj
model/wardrobe/IKEA_ANEBODA_1/model.obj
model/wardrobe/IKEA_DOMBAS/model.obj
model/wardrobe/IKEA_HEMNES/model.obj
model/wardrobe/IKEA_ANEBODA_2/model.obj
model/wardrobe/IKEA_ANEBODA_1/model.obj
model/wardrobe/IKEA_DOMBAS/model.obj
model/wardrobe/IKEA_HEMNES/model.obj
model/wardrobe/IKEA_DOMBAS/model.obj
model/wardrobe/IKEA_HEMNES/model.obj
